# meta-gen gen 2026-01-27T04:21:30.317Z
[2026-01-27T04:22:12.861Z] asset-error game=gs type=artifact id=15004 name=冰之川与雪之砂 out=C:\Users\X\Desktop\Bot-Dev\Yunzai\temp\metaGenerator\.output\meta-gs\artifact\imgs\冰之川与雪之砂\1.webp url=https://api.hakush.in/gi/UI/UI_RelicIcon_15004_4.webp error=HTTP 404
[2026-01-27T04:22:13.763Z] asset-error game=gs type=artifact id=15004 name=冰之川与雪之砂 out=C:\Users\X\Desktop\Bot-Dev\Yunzai\temp\metaGenerator\.output\meta-gs\artifact\imgs\冰之川与雪之砂\2.webp url=https://api.hakush.in/gi/UI/UI_RelicIcon_15004_2.webp error=HTTP 404
[2026-01-27T04:22:14.131Z] asset-error game=gs type=artifact id=15004 name=冰之川与雪之砂 out=C:\Users\X\Desktop\Bot-Dev\Yunzai\temp\metaGenerator\.output\meta-gs\artifact\imgs\冰之川与雪之砂\3.webp url=https://api.hakush.in/gi/UI/UI_RelicIcon_15004_5.webp error=HTTP 404
[2026-01-27T04:22:14.498Z] asset-error game=gs type=artifact id=15004 name=冰之川与雪之砂 out=C:\Users\X\Desktop\Bot-Dev\Yunzai\temp\metaGenerator\.output\meta-gs\artifact\imgs\冰之川与雪之砂\4.webp url=https://api.hakush.in/gi/UI/UI_RelicIcon_15004_1.webp error=HTTP 404
[2026-01-27T04:22:14.926Z] asset-error game=gs type=artifact id=15004 name=冰之川与雪之砂 out=C:\Users\X\Desktop\Bot-Dev\Yunzai\temp\metaGenerator\.output\meta-gs\artifact\imgs\冰之川与雪之砂\5.webp url=https://api.hakush.in/gi/UI/UI_RelicIcon_15004_3.webp error=HTTP 404
[2026-01-27T04:22:24.531Z] asset-error game=gs type=artifact id=15012 name=祭风之人 out=C:\Users\X\Desktop\Bot-Dev\Yunzai\temp\metaGenerator\.output\meta-gs\artifact\imgs\祭风之人\5.webp url=https://api.hakush.in/gi/UI/UI_RelicIcon_15012_3.webp error=HTTP 404
[2026-01-27T04:25:29.879Z] asset-error game=gs type=weapon-img:icon name=石英大剑 out=C:\Users\X\Desktop\Bot-Dev\Yunzai\temp\metaGenerator\.output\meta-gs\weapon\claymore\石英大剑\icon.webp url=https://api.hakush.in/gi/UI/UI_EquipIcon_Claymore_Quartz.webp error=missing from all sources (hakush/yatta/enka)
[2026-01-27T04:25:29.911Z] asset-error game=gs type=weapon-img:icon name=「旗杆」 out=C:\Users\X\Desktop\Bot-Dev\Yunzai\temp\metaGenerator\.output\meta-gs\weapon\polearm\「旗杆」\icon.webp url=https://api.hakush.in/gi/UI/UI_EquipIcon_Pole_Flagpole.webp error=missing from all sources (hakush/yatta/enka)
[2026-01-27T04:25:31.103Z] asset-error game=gs type=weapon-img:gacha name=石英大剑 out=C:\Users\X\Desktop\Bot-Dev\Yunzai\temp\metaGenerator\.output\meta-gs\weapon\claymore\石英大剑\gacha.webp url=https://api.hakush.in/gi/UI/UI_Gacha_EquipIcon_Claymore_Quartz.webp error=missing from all sources (hakush/yatta/enka)
[2026-01-27T04:25:31.170Z] asset-error game=gs type=weapon-img:gacha name=「旗杆」 out=C:\Users\X\Desktop\Bot-Dev\Yunzai\temp\metaGenerator\.output\meta-gs\weapon\polearm\「旗杆」\gacha.webp url=https://api.hakush.in/gi/UI/UI_Gacha_EquipIcon_Pole_Flagpole.webp error=missing from all sources (hakush/yatta/enka)
[2026-01-27T04:25:32.377Z] asset-error game=gs type=weapon-img:awaken name=「旗杆」 out=C:\Users\X\Desktop\Bot-Dev\Yunzai\temp\metaGenerator\.output\meta-gs\weapon\polearm\「旗杆」\awaken.webp url=https://api.hakush.in/gi/UI/UI_EquipIcon_Pole_Flagpole_Awaken.webp error=missing from all sources (hakush/yatta/enka)
[2026-01-27T04:25:32.398Z] asset-error game=gs type=weapon-img:awaken name=石英大剑 out=C:\Users\X\Desktop\Bot-Dev\Yunzai\temp\metaGenerator\.output\meta-gs\weapon\claymore\石英大剑\awaken.webp url=https://api.hakush.in/gi/UI/UI_EquipIcon_Claymore_Quartz_Awaken.webp error=missing from all sources (hakush/yatta/enka)
[2026-01-27T04:25:33.672Z] asset-error game=gs type=weapon-img:icon name=黑檀弓 out=C:\Users\X\Desktop\Bot-Dev\Yunzai\temp\metaGenerator\.output\meta-gs\weapon\bow\黑檀弓\icon.webp url=https://api.hakush.in/gi/UI/UI_EquipIcon_Bow_Hardwood.webp error=missing from all sources (hakush/yatta/enka)
[2026-01-27T04:25:33.721Z] asset-error game=gs type=weapon-img:icon name=琥珀玥 out=C:\Users\X\Desktop\Bot-Dev\Yunzai\temp\metaGenerator\.output\meta-gs\weapon\catalyst\琥珀玥\icon.webp url=https://api.hakush.in/gi/UI/UI_EquipIcon_Catalyst_Amber.webp error=missing from all sources (hakush/yatta/enka)
[2026-01-27T04:25:35.016Z] asset-error game=gs type=weapon-img:gacha name=琥珀玥 out=C:\Users\X\Desktop\Bot-Dev\Yunzai\temp\metaGenerator\.output\meta-gs\weapon\catalyst\琥珀玥\gacha.webp url=https://api.hakush.in/gi/UI/UI_Gacha_EquipIcon_Catalyst_Amber.webp error=missing from all sources (hakush/yatta/enka)
[2026-01-27T04:25:35.087Z] asset-error game=gs type=weapon-img:gacha name=黑檀弓 out=C:\Users\X\Desktop\Bot-Dev\Yunzai\temp\metaGenerator\.output\meta-gs\weapon\bow\黑檀弓\gacha.webp url=https://api.hakush.in/gi/UI/UI_Gacha_EquipIcon_Bow_Hardwood.webp error=missing from all sources (hakush/yatta/enka)
[2026-01-27T04:25:36.475Z] asset-error game=gs type=weapon-img:awaken name=黑檀弓 out=C:\Users\X\Desktop\Bot-Dev\Yunzai\temp\metaGenerator\.output\meta-gs\weapon\bow\黑檀弓\awaken.webp url=https://api.hakush.in/gi/UI/UI_EquipIcon_Bow_Hardwood_Awaken.webp error=missing from all sources (hakush/yatta/enka)
[2026-01-27T04:25:36.478Z] asset-error game=gs type=weapon-img:awaken name=琥珀玥 out=C:\Users\X\Desktop\Bot-Dev\Yunzai\temp\metaGenerator\.output\meta-gs\weapon\catalyst\琥珀玥\awaken.webp url=https://api.hakush.in/gi/UI/UI_EquipIcon_Catalyst_Amber_Awaken.webp error=missing from all sources (hakush/yatta/enka)
[2026-01-27T04:25:37.765Z] asset-error game=gs type=weapon-img:icon name=(test)竿测试 out=C:\Users\X\Desktop\Bot-Dev\Yunzai\temp\metaGenerator\.output\meta-gs\weapon\sword\(test)竿测试\icon.webp url=https://api.hakush.in/gi/UI/UI_EquipIcon_FishingRod.webp error=missing from all sources (hakush/yatta/enka)
[2026-01-27T04:25:37.787Z] asset-error game=gs type=weapon-img:icon name=(test)穿模测试 out=C:\Users\X\Desktop\Bot-Dev\Yunzai\temp\metaGenerator\.output\meta-gs\weapon\sword\(test)穿模测试\icon.webp url=https://api.hakush.in/gi/UI/UI_EquipIcon_Sword_Template.webp error=missing from all sources (hakush/yatta/enka)
[2026-01-27T04:25:38.976Z] asset-error game=gs type=weapon-img:gacha name=(test)竿测试 out=C:\Users\X\Desktop\Bot-Dev\Yunzai\temp\metaGenerator\.output\meta-gs\weapon\sword\(test)竿测试\gacha.webp url=https://api.hakush.in/gi/UI/UI_Gacha_EquipIcon_FishingRod.webp error=missing from all sources (hakush/yatta/enka)
[2026-01-27T04:25:38.988Z] asset-error game=gs type=weapon-img:gacha name=(test)穿模测试 out=C:\Users\X\Desktop\Bot-Dev\Yunzai\temp\metaGenerator\.output\meta-gs\weapon\sword\(test)穿模测试\gacha.webp url=https://api.hakush.in/gi/UI/UI_Gacha_EquipIcon_Sword_Template.webp error=missing from all sources (hakush/yatta/enka)
[2026-01-27T04:25:40.051Z] asset-error game=gs type=weapon-img:awaken name=(test)穿模测试 out=C:\Users\X\Desktop\Bot-Dev\Yunzai\temp\metaGenerator\.output\meta-gs\weapon\sword\(test)穿模测试\awaken.webp url=https://api.hakush.in/gi/UI/UI_EquipIcon_Sword_Template_Awaken.webp error=missing from all sources (hakush/yatta/enka)
[2026-01-27T04:25:40.151Z] asset-error game=gs type=weapon-img:awaken name=(test)竿测试 out=C:\Users\X\Desktop\Bot-Dev\Yunzai\temp\metaGenerator\.output\meta-gs\weapon\sword\(test)竿测试\awaken.webp url=https://api.hakush.in/gi/UI/UI_EquipIcon_FishingRod_Awaken.webp error=missing from all sources (hakush/yatta/enka)
[2026-01-27T04:25:41.274Z] asset-error game=gs type=weapon-img:icon name=(test)穿模测试 out=C:\Users\X\Desktop\Bot-Dev\Yunzai\temp\metaGenerator\.output\meta-gs\weapon\claymore\(test)穿模测试\icon.webp url=https://api.hakush.in/gi/UI/UI_EquipIcon_Claymore_Template.webp error=missing from all sources (hakush/yatta/enka)
[2026-01-27T04:25:41.354Z] asset-error game=gs type=weapon-img:icon name=(test)穿模测试 out=C:\Users\X\Desktop\Bot-Dev\Yunzai\temp\metaGenerator\.output\meta-gs\weapon\polearm\(test)穿模测试\icon.webp url=https://api.hakush.in/gi/UI/UI_EquipIcon_Pole_Template.webp error=missing from all sources (hakush/yatta/enka)
[2026-01-27T04:25:42.602Z] asset-error game=gs type=weapon-img:gacha name=(test)穿模测试 out=C:\Users\X\Desktop\Bot-Dev\Yunzai\temp\metaGenerator\.output\meta-gs\weapon\polearm\(test)穿模测试\gacha.webp url=https://api.hakush.in/gi/UI/UI_Gacha_EquipIcon_Pole_Template.webp error=missing from all sources (hakush/yatta/enka)
[2026-01-27T04:25:42.650Z] asset-error game=gs type=weapon-img:gacha name=(test)穿模测试 out=C:\Users\X\Desktop\Bot-Dev\Yunzai\temp\metaGenerator\.output\meta-gs\weapon\claymore\(test)穿模测试\gacha.webp url=https://api.hakush.in/gi/UI/UI_Gacha_EquipIcon_Claymore_Template.webp error=missing from all sources (hakush/yatta/enka)
[2026-01-27T04:25:43.857Z] asset-error game=gs type=weapon-img:awaken name=(test)穿模测试 out=C:\Users\X\Desktop\Bot-Dev\Yunzai\temp\metaGenerator\.output\meta-gs\weapon\polearm\(test)穿模测试\awaken.webp url=https://api.hakush.in/gi/UI/UI_EquipIcon_Pole_Template_Awaken.webp error=missing from all sources (hakush/yatta/enka)
[2026-01-27T04:25:43.927Z] asset-error game=gs type=weapon-img:awaken name=(test)穿模测试 out=C:\Users\X\Desktop\Bot-Dev\Yunzai\temp\metaGenerator\.output\meta-gs\weapon\claymore\(test)穿模测试\awaken.webp url=https://api.hakush.in/gi/UI/UI_EquipIcon_Claymore_Template_Awaken.webp error=missing from all sources (hakush/yatta/enka)
[2026-01-27T04:25:45.075Z] asset-error game=gs type=weapon-img:icon name=(test)穿模测试 out=C:\Users\X\Desktop\Bot-Dev\Yunzai\temp\metaGenerator\.output\meta-gs\weapon\catalyst\(test)穿模测试\icon.webp url=https://api.hakush.in/gi/UI/UI_EquipIcon_Catalyst_BookTemplate.webp error=missing from all sources (hakush/yatta/enka)
[2026-01-27T04:25:45.153Z] asset-error game=gs type=weapon-img:icon name=(test)穿模测试 out=C:\Users\X\Desktop\Bot-Dev\Yunzai\temp\metaGenerator\.output\meta-gs\weapon\catalyst\(test)穿模测试\icon.webp url=https://api.hakush.in/gi/UI/UI_EquipIcon_Catalyst_Template.webp error=missing from all sources (hakush/yatta/enka)
[2026-01-27T04:25:46.278Z] asset-error game=gs type=weapon-img:gacha name=(test)穿模测试 out=C:\Users\X\Desktop\Bot-Dev\Yunzai\temp\metaGenerator\.output\meta-gs\weapon\catalyst\(test)穿模测试\gacha.webp url=https://api.hakush.in/gi/UI/UI_Gacha_EquipIcon_Catalyst_BookTemplate.webp error=missing from all sources (hakush/yatta/enka)
[2026-01-27T04:25:46.371Z] asset-error game=gs type=weapon-img:gacha name=(test)穿模测试 out=C:\Users\X\Desktop\Bot-Dev\Yunzai\temp\metaGenerator\.output\meta-gs\weapon\catalyst\(test)穿模测试\gacha.webp url=https://api.hakush.in/gi/UI/UI_Gacha_EquipIcon_Catalyst_Template.webp error=missing from all sources (hakush/yatta/enka)
[2026-01-27T04:25:47.566Z] asset-error game=gs type=weapon-img:awaken name=(test)穿模测试 out=C:\Users\X\Desktop\Bot-Dev\Yunzai\temp\metaGenerator\.output\meta-gs\weapon\catalyst\(test)穿模测试\awaken.webp url=https://api.hakush.in/gi/UI/UI_EquipIcon_Catalyst_Template_Awaken.webp error=missing from all sources (hakush/yatta/enka)
[2026-01-27T04:25:47.593Z] asset-error game=gs type=weapon-img:awaken name=(test)穿模测试 out=C:\Users\X\Desktop\Bot-Dev\Yunzai\temp\metaGenerator\.output\meta-gs\weapon\catalyst\(test)穿模测试\awaken.webp url=https://api.hakush.in/gi/UI/UI_EquipIcon_Catalyst_BookTemplate_Awaken.webp error=missing from all sources (hakush/yatta/enka)
[2026-01-27T04:25:48.086Z] asset-error game=gs type=weapon-img:icon name=(test)空武器 out=C:\Users\X\Desktop\Bot-Dev\Yunzai\temp\metaGenerator\.output\meta-gs\weapon\sword\(test)空武器\icon.webp url=https://api.hakush.in/gi/UI/UI_EquipIcon_Sword_Template.webp error=missing from all sources (hakush/yatta/enka)
[2026-01-27T04:25:48.583Z] asset-error game=gs type=weapon-img:gacha name=(test)空武器 out=C:\Users\X\Desktop\Bot-Dev\Yunzai\temp\metaGenerator\.output\meta-gs\weapon\sword\(test)空武器\gacha.webp url=https://api.hakush.in/gi/UI/UI_Gacha_EquipIcon_Sword_Template.webp error=missing from all sources (hakush/yatta/enka)
[2026-01-27T04:25:48.786Z] asset-error game=gs type=weapon-img:icon name=(test)穿模测试 out=C:\Users\X\Desktop\Bot-Dev\Yunzai\temp\metaGenerator\.output\meta-gs\weapon\bow\(test)穿模测试\icon.webp url=https://api.hakush.in/gi/UI/UI_EquipIcon_Bow_Template.webp error=missing from all sources (hakush/yatta/enka)
[2026-01-27T04:25:49.086Z] asset-error game=gs type=weapon-img:awaken name=(test)空武器 out=C:\Users\X\Desktop\Bot-Dev\Yunzai\temp\metaGenerator\.output\meta-gs\weapon\sword\(test)空武器\awaken.webp url=https://api.hakush.in/gi/UI/UI_EquipIcon_Sword_Template_Awaken.webp error=missing from all sources (hakush/yatta/enka)
[2026-01-27T04:25:50.076Z] asset-error game=gs type=weapon-img:gacha name=(test)穿模测试 out=C:\Users\X\Desktop\Bot-Dev\Yunzai\temp\metaGenerator\.output\meta-gs\weapon\bow\(test)穿模测试\gacha.webp url=https://api.hakush.in/gi/UI/UI_Gacha_EquipIcon_Bow_Template.webp error=missing from all sources (hakush/yatta/enka)
[2026-01-27T04:25:51.329Z] asset-error game=gs type=weapon-img:awaken name=(test)穿模测试 out=C:\Users\X\Desktop\Bot-Dev\Yunzai\temp\metaGenerator\.output\meta-gs\weapon\bow\(test)穿模测试\awaken.webp url=https://api.hakush.in/gi/UI/UI_EquipIcon_Bow_Template_Awaken.webp error=missing from all sources (hakush/yatta/enka)
[2026-01-27T04:46:39.046Z] asset-error game=sr type=character-asset:tree-4 id=8007 name=穹·记忆 out=C:\Users\X\Desktop\Bot-Dev\Yunzai\temp\metaGenerator\.output\meta-sr\character\穹·记忆\imgs\tree-4.webp url=https://api.hakush.in/hsr/UI/skillicons/SkillIcon_8007_SkillTree4.webp error=HTTP 404
[2026-01-27T04:46:39.470Z] asset-error game=sr type=character-asset:tree-4 id=8008 name=星·记忆 out=C:\Users\X\Desktop\Bot-Dev\Yunzai\temp\metaGenerator\.output\meta-sr\character\星·记忆\imgs\tree-4.webp url=https://api.hakush.in/hsr/UI/skillicons/SkillIcon_8007_SkillTree4.webp error=HTTP 404
[2026-01-27T04:46:41.113Z] asset-error game=sr type=character-img:tree-4 name=穹·记忆 out=C:\Users\X\Desktop\Bot-Dev\Yunzai\temp\metaGenerator\.output\meta-sr\character\穹·记忆\imgs\tree-4.webp error=missing (no placeholder allowed)
[2026-01-27T04:46:41.114Z] asset-error game=sr type=character-img:tree-4 name=星·记忆 out=C:\Users\X\Desktop\Bot-Dev\Yunzai\temp\metaGenerator\.output\meta-sr\character\星·记忆\imgs\tree-4.webp error=missing (no placeholder allowed)
