# meta-gen gen 2026-01-26T17:36:37.124Z
[2026-01-26T17:38:39.890Z] asset-error game=sr type=character-asset:tree-4 id=1002 name=丹恒 out=C:\Users\X\Desktop\Bot-Dev\Yunzai\temp\metaGenerator\.output\meta-sr\character\丹恒\imgs\tree-4.webp url=https://api.hakush.in/hsr/UI/skillicons/SkillIcon_1002_SkillTree4.webp error=download did not produce file
[2026-01-26T17:38:43.571Z] asset-error game=sr type=character-asset:tree-4 id=1003 name=姬子 out=C:\Users\X\Desktop\Bot-Dev\Yunzai\temp\metaGenerator\.output\meta-sr\character\姬子\imgs\tree-4.webp url=https://api.hakush.in/hsr/UI/skillicons/SkillIcon_1003_SkillTree4.webp error=download did not produce file
[2026-01-26T17:38:46.288Z] asset-error game=sr type=character-asset:tree-4 id=1004 name=瓦尔特 out=C:\Users\X\Desktop\Bot-Dev\Yunzai\temp\metaGenerator\.output\meta-sr\character\瓦尔特\imgs\tree-4.webp url=https://api.hakush.in/hsr/UI/skillicons/SkillIcon_1004_SkillTree4.webp error=download did not produce file
[2026-01-26T17:38:48.765Z] asset-error game=sr type=character-asset:tree-4 id=1005 name=卡芙卡 out=C:\Users\X\Desktop\Bot-Dev\Yunzai\temp\metaGenerator\.output\meta-sr\character\卡芙卡\imgs\tree-4.webp url=https://api.hakush.in/hsr/UI/skillicons/SkillIcon_1005_SkillTree4.webp error=download did not produce file
[2026-01-26T17:38:51.253Z] asset-error game=sr type=character-asset:tree-4 id=1006 name=银狼 out=C:\Users\X\Desktop\Bot-Dev\Yunzai\temp\metaGenerator\.output\meta-sr\character\银狼\imgs\tree-4.webp url=https://api.hakush.in/hsr/UI/skillicons/SkillIcon_1006_SkillTree4.webp error=download did not produce file
[2026-01-26T17:38:53.240Z] asset-error game=sr type=character-asset:tree-4 id=1008 name=阿兰 out=C:\Users\X\Desktop\Bot-Dev\Yunzai\temp\metaGenerator\.output\meta-sr\character\阿兰\imgs\tree-4.webp url=https://api.hakush.in/hsr/UI/skillicons/SkillIcon_1008_SkillTree4.webp error=download did not produce file
[2026-01-26T17:38:55.738Z] asset-error game=sr type=character-asset:tree-4 id=1009 name=艾丝妲 out=C:\Users\X\Desktop\Bot-Dev\Yunzai\temp\metaGenerator\.output\meta-sr\character\艾丝妲\imgs\tree-4.webp url=https://api.hakush.in/hsr/UI/skillicons/SkillIcon_1009_SkillTree4.webp error=download did not produce file
[2026-01-26T17:38:57.372Z] asset-error game=sr type=character-asset:tree-4 id=1013 name=黑塔 out=C:\Users\X\Desktop\Bot-Dev\Yunzai\temp\metaGenerator\.output\meta-sr\character\黑塔\imgs\tree-4.webp url=https://api.hakush.in/hsr/UI/skillicons/SkillIcon_1013_SkillTree4.webp error=download did not produce file
[2026-01-26T17:38:59.515Z] asset-error game=sr type=character-asset:tree-4 id=1014 name=Saber out=C:\Users\X\Desktop\Bot-Dev\Yunzai\temp\metaGenerator\.output\meta-sr\character\Saber\imgs\tree-4.webp url=https://api.hakush.in/hsr/UI/skillicons/SkillIcon_1014_SkillTree4.webp error=download did not produce file
[2026-01-26T17:39:01.381Z] asset-error game=sr type=character-asset:tree-4 id=1015 name=Archer out=C:\Users\X\Desktop\Bot-Dev\Yunzai\temp\metaGenerator\.output\meta-sr\character\Archer\imgs\tree-4.webp url=https://api.hakush.in/hsr/UI/skillicons/SkillIcon_1015_SkillTree4.webp error=download did not produce file
[2026-01-26T17:39:05.734Z] asset-error game=sr type=character-asset:tree-4 id=1101 name=布洛妮娅 out=C:\Users\X\Desktop\Bot-Dev\Yunzai\temp\metaGenerator\.output\meta-sr\character\布洛妮娅\imgs\tree-4.webp url=https://api.hakush.in/hsr/UI/skillicons/SkillIcon_1101_SkillTree4.webp error=download did not produce file
[2026-01-26T17:39:12.833Z] asset-error game=sr type=character-asset:tree-4 id=1103 name=希露瓦 out=C:\Users\X\Desktop\Bot-Dev\Yunzai\temp\metaGenerator\.output\meta-sr\character\希露瓦\imgs\tree-4.webp url=https://api.hakush.in/hsr/UI/skillicons/SkillIcon_1103_SkillTree4.webp error=download did not produce file
[2026-01-26T17:39:13.102Z] asset-error game=sr type=character-asset:tree-4 id=1102 name=希儿 out=C:\Users\X\Desktop\Bot-Dev\Yunzai\temp\metaGenerator\.output\meta-sr\character\希儿\imgs\tree-4.webp url=https://api.hakush.in/hsr/UI/skillicons/SkillIcon_1102_SkillTree4.webp error=download did not produce file
[2026-01-26T17:39:15.301Z] asset-error game=sr type=character-asset:tree-4 id=1104 name=杰帕德 out=C:\Users\X\Desktop\Bot-Dev\Yunzai\temp\metaGenerator\.output\meta-sr\character\杰帕德\imgs\tree-4.webp url=https://api.hakush.in/hsr/UI/skillicons/SkillIcon_1104_SkillTree4.webp error=download did not produce file
[2026-01-26T17:39:17.188Z] asset-error game=sr type=character-asset:tree-4 id=1105 name=娜塔莎 out=C:\Users\X\Desktop\Bot-Dev\Yunzai\temp\metaGenerator\.output\meta-sr\character\娜塔莎\imgs\tree-4.webp url=https://api.hakush.in/hsr/UI/skillicons/SkillIcon_1105_SkillTree4.webp error=download did not produce file
[2026-01-26T17:39:19.985Z] asset-error game=sr type=character-asset:tree-4 id=1106 name=佩拉 out=C:\Users\X\Desktop\Bot-Dev\Yunzai\temp\metaGenerator\.output\meta-sr\character\佩拉\imgs\tree-4.webp url=https://api.hakush.in/hsr/UI/skillicons/SkillIcon_1106_SkillTree4.webp error=download did not produce file
[2026-01-26T17:39:22.783Z] asset-error game=sr type=character-asset:tree-4 id=1107 name=克拉拉 out=C:\Users\X\Desktop\Bot-Dev\Yunzai\temp\metaGenerator\.output\meta-sr\character\克拉拉\imgs\tree-4.webp url=https://api.hakush.in/hsr/UI/skillicons/SkillIcon_1107_SkillTree4.webp error=download did not produce file
[2026-01-26T17:39:25.098Z] asset-error game=sr type=character-asset:tree-4 id=1108 name=桑博 out=C:\Users\X\Desktop\Bot-Dev\Yunzai\temp\metaGenerator\.output\meta-sr\character\桑博\imgs\tree-4.webp url=https://api.hakush.in/hsr/UI/skillicons/SkillIcon_1108_SkillTree4.webp error=download did not produce file
[2026-01-26T17:39:27.110Z] asset-error game=sr type=character-asset:tree-4 id=1109 name=虎克 out=C:\Users\X\Desktop\Bot-Dev\Yunzai\temp\metaGenerator\.output\meta-sr\character\虎克\imgs\tree-4.webp url=https://api.hakush.in/hsr/UI/skillicons/SkillIcon_1109_SkillTree4.webp error=download did not produce file
[2026-01-26T17:39:29.210Z] asset-error game=sr type=character-asset:tree-4 id=1110 name=玲可 out=C:\Users\X\Desktop\Bot-Dev\Yunzai\temp\metaGenerator\.output\meta-sr\character\玲可\imgs\tree-4.webp url=https://api.hakush.in/hsr/UI/skillicons/SkillIcon_1110_SkillTree4.webp error=download did not produce file
[2026-01-26T17:39:31.770Z] asset-error game=sr type=character-asset:tree-4 id=1111 name=卢卡 out=C:\Users\X\Desktop\Bot-Dev\Yunzai\temp\metaGenerator\.output\meta-sr\character\卢卡\imgs\tree-4.webp url=https://api.hakush.in/hsr/UI/skillicons/SkillIcon_1111_SkillTree4.webp error=download did not produce file
[2026-01-26T17:39:35.226Z] asset-error game=sr type=character-asset:tree-4 id=1112 name=托帕&账账 out=C:\Users\X\Desktop\Bot-Dev\Yunzai\temp\metaGenerator\.output\meta-sr\character\托帕&账账\imgs\tree-4.webp url=https://api.hakush.in/hsr/UI/skillicons/SkillIcon_1112_SkillTree4.webp error=download did not produce file
[2026-01-26T17:39:37.632Z] asset-error game=sr type=character-asset:tree-4 id=1201 name=青雀 out=C:\Users\X\Desktop\Bot-Dev\Yunzai\temp\metaGenerator\.output\meta-sr\character\青雀\imgs\tree-4.webp url=https://api.hakush.in/hsr/UI/skillicons/SkillIcon_1201_SkillTree4.webp error=download did not produce file
[2026-01-26T17:39:40.808Z] asset-error game=sr type=character-asset:tree-4 id=1202 name=停云 out=C:\Users\X\Desktop\Bot-Dev\Yunzai\temp\metaGenerator\.output\meta-sr\character\停云\imgs\tree-4.webp url=https://api.hakush.in/hsr/UI/skillicons/SkillIcon_1202_SkillTree4.webp error=download did not produce file
[2026-01-26T17:39:43.718Z] asset-error game=sr type=character-asset:tree-4 id=1203 name=罗刹 out=C:\Users\X\Desktop\Bot-Dev\Yunzai\temp\metaGenerator\.output\meta-sr\character\罗刹\imgs\tree-4.webp url=https://api.hakush.in/hsr/UI/skillicons/SkillIcon_1203_SkillTree4.webp error=download did not produce file
[2026-01-26T17:39:50.610Z] asset-error game=sr type=character-asset:tree-4 id=1204 name=景元 out=C:\Users\X\Desktop\Bot-Dev\Yunzai\temp\metaGenerator\.output\meta-sr\character\景元\imgs\tree-4.webp url=https://api.hakush.in/hsr/UI/skillicons/SkillIcon_1204_SkillTree4.webp error=download did not produce file
[2026-01-26T17:39:53.013Z] asset-error game=sr type=character-asset:tree-4 id=1205 name=刃 out=C:\Users\X\Desktop\Bot-Dev\Yunzai\temp\metaGenerator\.output\meta-sr\character\刃\imgs\tree-4.webp url=https://api.hakush.in/hsr/UI/skillicons/SkillIcon_1205_SkillTree4.webp error=download did not produce file
[2026-01-26T17:39:56.370Z] asset-error game=sr type=character-asset:tree-4 id=1206 name=素裳 out=C:\Users\X\Desktop\Bot-Dev\Yunzai\temp\metaGenerator\.output\meta-sr\character\素裳\imgs\tree-4.webp url=https://api.hakush.in/hsr/UI/skillicons/SkillIcon_1206_SkillTree4.webp error=download did not produce file
[2026-01-26T17:39:59.765Z] asset-error game=sr type=character-asset:tree-4 id=1207 name=驭空 out=C:\Users\X\Desktop\Bot-Dev\Yunzai\temp\metaGenerator\.output\meta-sr\character\驭空\imgs\tree-4.webp url=https://api.hakush.in/hsr/UI/skillicons/SkillIcon_1207_SkillTree4.webp error=download did not produce file
[2026-01-26T17:40:04.375Z] asset-error game=sr type=character-asset:tree-4 id=1208 name=符玄 out=C:\Users\X\Desktop\Bot-Dev\Yunzai\temp\metaGenerator\.output\meta-sr\character\符玄\imgs\tree-4.webp url=https://api.hakush.in/hsr/UI/skillicons/SkillIcon_1208_SkillTree4.webp error=download did not produce file
[2026-01-26T17:40:07.030Z] asset-error game=sr type=character-asset:tree-4 id=1209 name=彦卿 out=C:\Users\X\Desktop\Bot-Dev\Yunzai\temp\metaGenerator\.output\meta-sr\character\彦卿\imgs\tree-4.webp url=https://api.hakush.in/hsr/UI/skillicons/SkillIcon_1209_SkillTree4.webp error=download did not produce file
[2026-01-26T17:40:08.985Z] asset-error game=sr type=character-asset:tree-4 id=1210 name=桂乃芬 out=C:\Users\X\Desktop\Bot-Dev\Yunzai\temp\metaGenerator\.output\meta-sr\character\桂乃芬\imgs\tree-4.webp url=https://api.hakush.in/hsr/UI/skillicons/SkillIcon_1210_SkillTree4.webp error=download did not produce file
[2026-01-26T17:40:11.059Z] asset-error game=sr type=character-asset:tree-4 id=1211 name=白露 out=C:\Users\X\Desktop\Bot-Dev\Yunzai\temp\metaGenerator\.output\meta-sr\character\白露\imgs\tree-4.webp url=https://api.hakush.in/hsr/UI/skillicons/SkillIcon_1211_SkillTree4.webp error=download did not produce file
[2026-01-26T17:40:14.269Z] asset-error game=sr type=character-asset:tree-4 id=1212 name=镜流 out=C:\Users\X\Desktop\Bot-Dev\Yunzai\temp\metaGenerator\.output\meta-sr\character\镜流\imgs\tree-4.webp url=https://api.hakush.in/hsr/UI/skillicons/SkillIcon_1212_SkillTree4.webp error=download did not produce file
[2026-01-26T17:40:16.426Z] asset-error game=sr type=character-asset:tree-4 id=1213 name=丹恒•饮月 out=C:\Users\X\Desktop\Bot-Dev\Yunzai\temp\metaGenerator\.output\meta-sr\character\丹恒•饮月\imgs\tree-4.webp url=https://api.hakush.in/hsr/UI/skillicons/SkillIcon_1213_SkillTree4.webp error=download did not produce file
[2026-01-26T17:40:18.085Z] asset-error game=sr type=character-asset:tree-4 id=1214 name=雪衣 out=C:\Users\X\Desktop\Bot-Dev\Yunzai\temp\metaGenerator\.output\meta-sr\character\雪衣\imgs\tree-4.webp url=https://api.hakush.in/hsr/UI/skillicons/SkillIcon_1214_SkillTree4.webp error=download did not produce file
[2026-01-26T17:40:20.301Z] asset-error game=sr type=character-asset:tree-4 id=1215 name=寒鸦 out=C:\Users\X\Desktop\Bot-Dev\Yunzai\temp\metaGenerator\.output\meta-sr\character\寒鸦\imgs\tree-4.webp url=https://api.hakush.in/hsr/UI/skillicons/SkillIcon_1215_SkillTree4.webp error=download did not produce file
[2026-01-26T17:40:22.362Z] asset-error game=sr type=character-asset:tree-4 id=1217 name=藿藿 out=C:\Users\X\Desktop\Bot-Dev\Yunzai\temp\metaGenerator\.output\meta-sr\character\藿藿\imgs\tree-4.webp url=https://api.hakush.in/hsr/UI/skillicons/SkillIcon_1217_SkillTree4.webp error=download did not produce file
[2026-01-26T17:40:25.024Z] asset-error game=sr type=character-asset:tree-4 id=1218 name=椒丘 out=C:\Users\X\Desktop\Bot-Dev\Yunzai\temp\metaGenerator\.output\meta-sr\character\椒丘\imgs\tree-4.webp url=https://api.hakush.in/hsr/UI/skillicons/SkillIcon_1218_SkillTree4.webp error=download did not produce file
[2026-01-26T17:40:26.464Z] asset-error game=sr type=character-asset:tree-4 id=1220 name=飞霄 out=C:\Users\X\Desktop\Bot-Dev\Yunzai\temp\metaGenerator\.output\meta-sr\character\飞霄\imgs\tree-4.webp url=https://api.hakush.in/hsr/UI/skillicons/SkillIcon_1220_SkillTree4.webp error=download did not produce file
[2026-01-26T17:40:29.254Z] asset-error game=sr type=character-asset:tree-4 id=1221 name=云璃 out=C:\Users\X\Desktop\Bot-Dev\Yunzai\temp\metaGenerator\.output\meta-sr\character\云璃\imgs\tree-4.webp url=https://api.hakush.in/hsr/UI/skillicons/SkillIcon_1221_SkillTree4.webp error=download did not produce file
[2026-01-26T17:40:31.474Z] asset-error game=sr type=character-asset:tree-4 id=1222 name=灵砂 out=C:\Users\X\Desktop\Bot-Dev\Yunzai\temp\metaGenerator\.output\meta-sr\character\灵砂\imgs\tree-4.webp url=https://api.hakush.in/hsr/UI/skillicons/SkillIcon_1222_SkillTree4.webp error=download did not produce file
[2026-01-26T17:40:34.238Z] asset-error game=sr type=character-asset:tree-4 id=1223 name=貊泽 out=C:\Users\X\Desktop\Bot-Dev\Yunzai\temp\metaGenerator\.output\meta-sr\character\貊泽\imgs\tree-4.webp url=https://api.hakush.in/hsr/UI/skillicons/SkillIcon_1223_SkillTree4.webp error=download did not produce file
[2026-01-26T17:40:36.377Z] asset-error game=sr type=character-asset:tree-4 id=1224 name=三月七·巡猎 out=C:\Users\X\Desktop\Bot-Dev\Yunzai\temp\metaGenerator\.output\meta-sr\character\三月七·巡猎\imgs\tree-4.webp url=https://api.hakush.in/hsr/UI/skillicons/SkillIcon_1224_SkillTree4.webp error=download did not produce file
[2026-01-26T17:40:38.333Z] asset-error game=sr type=character-asset:tree-4 id=1225 name=忘归人 out=C:\Users\X\Desktop\Bot-Dev\Yunzai\temp\metaGenerator\.output\meta-sr\character\忘归人\imgs\tree-4.webp url=https://api.hakush.in/hsr/UI/skillicons/SkillIcon_1225_SkillTree4.webp error=download did not produce file
[2026-01-26T17:40:40.220Z] asset-error game=sr type=character-asset:tree-4 id=1301 name=加拉赫 out=C:\Users\X\Desktop\Bot-Dev\Yunzai\temp\metaGenerator\.output\meta-sr\character\加拉赫\imgs\tree-4.webp url=https://api.hakush.in/hsr/UI/skillicons/SkillIcon_1301_SkillTree4.webp error=download did not produce file
[2026-01-26T17:40:42.630Z] asset-error game=sr type=character-asset:tree-4 id=1302 name=银枝 out=C:\Users\X\Desktop\Bot-Dev\Yunzai\temp\metaGenerator\.output\meta-sr\character\银枝\imgs\tree-4.webp url=https://api.hakush.in/hsr/UI/skillicons/SkillIcon_1302_SkillTree4.webp error=download did not produce file
[2026-01-26T17:40:45.150Z] asset-error game=sr type=character-asset:tree-4 id=1303 name=阮•梅 out=C:\Users\X\Desktop\Bot-Dev\Yunzai\temp\metaGenerator\.output\meta-sr\character\阮•梅\imgs\tree-4.webp url=https://api.hakush.in/hsr/UI/skillicons/SkillIcon_1303_SkillTree4.webp error=download did not produce file
[2026-01-26T17:40:48.268Z] asset-error game=sr type=character-asset:tree-4 id=1304 name=砂金 out=C:\Users\X\Desktop\Bot-Dev\Yunzai\temp\metaGenerator\.output\meta-sr\character\砂金\imgs\tree-4.webp url=https://api.hakush.in/hsr/UI/skillicons/SkillIcon_1304_SkillTree4.webp error=download did not produce file
[2026-01-26T17:40:51.957Z] asset-error game=sr type=character-asset:tree-4 id=1305 name=真理医生 out=C:\Users\X\Desktop\Bot-Dev\Yunzai\temp\metaGenerator\.output\meta-sr\character\真理医生\imgs\tree-4.webp url=https://api.hakush.in/hsr/UI/skillicons/SkillIcon_1305_SkillTree4.webp error=download did not produce file
[2026-01-26T17:40:54.896Z] asset-error game=sr type=character-asset:tree-4 id=1306 name=花火 out=C:\Users\X\Desktop\Bot-Dev\Yunzai\temp\metaGenerator\.output\meta-sr\character\花火\imgs\tree-4.webp url=https://api.hakush.in/hsr/UI/skillicons/SkillIcon_1306_SkillTree4.webp error=download did not produce file
[2026-01-26T17:40:56.955Z] asset-error game=sr type=character-asset:tree-4 id=1307 name=黑天鹅 out=C:\Users\X\Desktop\Bot-Dev\Yunzai\temp\metaGenerator\.output\meta-sr\character\黑天鹅\imgs\tree-4.webp url=https://api.hakush.in/hsr/UI/skillicons/SkillIcon_1307_SkillTree4.webp error=download did not produce file
[2026-01-26T17:40:59.089Z] asset-error game=sr type=character-asset:tree-4 id=1308 name=黄泉 out=C:\Users\X\Desktop\Bot-Dev\Yunzai\temp\metaGenerator\.output\meta-sr\character\黄泉\imgs\tree-4.webp url=https://api.hakush.in/hsr/UI/skillicons/SkillIcon_1308_SkillTree4.webp error=download did not produce file
[2026-01-26T17:41:01.697Z] asset-error game=sr type=character-asset:tree-4 id=1309 name=知更鸟 out=C:\Users\X\Desktop\Bot-Dev\Yunzai\temp\metaGenerator\.output\meta-sr\character\知更鸟\imgs\tree-4.webp url=https://api.hakush.in/hsr/UI/skillicons/SkillIcon_1309_SkillTree4.webp error=download did not produce file
[2026-01-26T17:41:04.235Z] asset-error game=sr type=character-asset:tree-4 id=1310 name=流萤 out=C:\Users\X\Desktop\Bot-Dev\Yunzai\temp\metaGenerator\.output\meta-sr\character\流萤\imgs\tree-4.webp url=https://api.hakush.in/hsr/UI/skillicons/SkillIcon_1310_SkillTree4.webp error=download did not produce file
[2026-01-26T17:41:06.772Z] asset-error game=sr type=character-asset:tree-4 id=1312 name=米沙 out=C:\Users\X\Desktop\Bot-Dev\Yunzai\temp\metaGenerator\.output\meta-sr\character\米沙\imgs\tree-4.webp url=https://api.hakush.in/hsr/UI/skillicons/SkillIcon_1312_SkillTree4.webp error=download did not produce file
[2026-01-26T17:41:09.792Z] asset-error game=sr type=character-asset:tree-4 id=1313 name=星期日 out=C:\Users\X\Desktop\Bot-Dev\Yunzai\temp\metaGenerator\.output\meta-sr\character\星期日\imgs\tree-4.webp url=https://api.hakush.in/hsr/UI/skillicons/SkillIcon_1313_SkillTree4.webp error=download did not produce file
[2026-01-26T17:41:13.120Z] asset-error game=sr type=character-asset:tree-4 id=1314 name=翡翠 out=C:\Users\X\Desktop\Bot-Dev\Yunzai\temp\metaGenerator\.output\meta-sr\character\翡翠\imgs\tree-4.webp url=https://api.hakush.in/hsr/UI/skillicons/SkillIcon_1314_SkillTree4.webp error=download did not produce file
[2026-01-26T17:41:15.155Z] asset-error game=sr type=character-asset:tree-4 id=1315 name=波提欧 out=C:\Users\X\Desktop\Bot-Dev\Yunzai\temp\metaGenerator\.output\meta-sr\character\波提欧\imgs\tree-4.webp url=https://api.hakush.in/hsr/UI/skillicons/SkillIcon_1315_SkillTree4.webp error=download did not produce file
[2026-01-26T17:41:17.751Z] asset-error game=sr type=character-asset:tree-4 id=1317 name=乱破 out=C:\Users\X\Desktop\Bot-Dev\Yunzai\temp\metaGenerator\.output\meta-sr\character\乱破\imgs\tree-4.webp url=https://api.hakush.in/hsr/UI/skillicons/SkillIcon_1317_SkillTree4.webp error=download did not produce file
[2026-01-26T17:41:19.578Z] asset-error game=sr type=character-asset:tree-4 id=1321 name=大丽花 out=C:\Users\X\Desktop\Bot-Dev\Yunzai\temp\metaGenerator\.output\meta-sr\character\大丽花\imgs\tree-4.webp url=https://api.hakush.in/hsr/UI/skillicons/SkillIcon_1321_SkillTree4.webp error=download did not produce file
[2026-01-26T17:41:22.627Z] asset-error game=sr type=character-asset:tree-4 id=1401 name=大黑塔 out=C:\Users\X\Desktop\Bot-Dev\Yunzai\temp\metaGenerator\.output\meta-sr\character\大黑塔\imgs\tree-4.webp url=https://api.hakush.in/hsr/UI/skillicons/SkillIcon_1401_SkillTree4.webp error=download did not produce file
[2026-01-26T17:41:25.561Z] asset-error game=sr type=character-asset:tree-4 id=1402 name=阿格莱雅 out=C:\Users\X\Desktop\Bot-Dev\Yunzai\temp\metaGenerator\.output\meta-sr\character\阿格莱雅\imgs\tree-4.webp url=https://api.hakush.in/hsr/UI/skillicons/SkillIcon_1402_SkillTree4.webp error=download did not produce file
[2026-01-26T17:41:28.840Z] asset-error game=sr type=character-asset:tree-4 id=1403 name=缇宝 out=C:\Users\X\Desktop\Bot-Dev\Yunzai\temp\metaGenerator\.output\meta-sr\character\缇宝\imgs\tree-4.webp url=https://api.hakush.in/hsr/UI/skillicons/SkillIcon_1403_SkillTree4.webp error=download did not produce file
[2026-01-26T17:41:37.834Z] asset-error game=sr type=character-asset:tree-4 id=1404 name=万敌 out=C:\Users\X\Desktop\Bot-Dev\Yunzai\temp\metaGenerator\.output\meta-sr\character\万敌\imgs\tree-4.webp url=https://api.hakush.in/hsr/UI/skillicons/SkillIcon_1404_SkillTree4.webp error=download did not produce file
[2026-01-26T17:41:37.933Z] asset-error game=sr type=character-asset:tree-4 id=1405 name=那刻夏 out=C:\Users\X\Desktop\Bot-Dev\Yunzai\temp\metaGenerator\.output\meta-sr\character\那刻夏\imgs\tree-4.webp url=https://api.hakush.in/hsr/UI/skillicons/SkillIcon_1405_SkillTree4.webp error=download did not produce file
[2026-01-26T17:41:39.621Z] asset-error game=sr type=character-asset:tree-4 id=1406 name=赛飞儿 out=C:\Users\X\Desktop\Bot-Dev\Yunzai\temp\metaGenerator\.output\meta-sr\character\赛飞儿\imgs\tree-4.webp url=https://api.hakush.in/hsr/UI/skillicons/SkillIcon_1406_SkillTree4.webp error=download did not produce file
[2026-01-26T17:41:42.516Z] asset-error game=sr type=character-asset:tree-4 id=1407 name=遐蝶 out=C:\Users\X\Desktop\Bot-Dev\Yunzai\temp\metaGenerator\.output\meta-sr\character\遐蝶\imgs\tree-4.webp url=https://api.hakush.in/hsr/UI/skillicons/SkillIcon_1407_SkillTree4.webp error=download did not produce file
[2026-01-26T17:41:45.530Z] asset-error game=sr type=character-asset:tree-4 id=1408 name=白厄 out=C:\Users\X\Desktop\Bot-Dev\Yunzai\temp\metaGenerator\.output\meta-sr\character\白厄\imgs\tree-4.webp url=https://api.hakush.in/hsr/UI/skillicons/SkillIcon_1408_SkillTree4.webp error=download did not produce file
[2026-01-26T17:41:47.755Z] asset-error game=sr type=character-asset:tree-4 id=1409 name=风堇 out=C:\Users\X\Desktop\Bot-Dev\Yunzai\temp\metaGenerator\.output\meta-sr\character\风堇\imgs\tree-4.webp url=https://api.hakush.in/hsr/UI/skillicons/SkillIcon_1409_SkillTree4.webp error=download did not produce file
[2026-01-26T17:41:49.688Z] asset-error game=sr type=character-asset:tree-4 id=1410 name=海瑟音 out=C:\Users\X\Desktop\Bot-Dev\Yunzai\temp\metaGenerator\.output\meta-sr\character\海瑟音\imgs\tree-4.webp url=https://api.hakush.in/hsr/UI/skillicons/SkillIcon_1410_SkillTree4.webp error=download did not produce file
[2026-01-26T17:41:52.065Z] asset-error game=sr type=character-asset:tree-4 id=1412 name=刻律德菈 out=C:\Users\X\Desktop\Bot-Dev\Yunzai\temp\metaGenerator\.output\meta-sr\character\刻律德菈\imgs\tree-4.webp url=https://api.hakush.in/hsr/UI/skillicons/SkillIcon_1412_SkillTree4.webp error=download did not produce file
[2026-01-26T17:41:54.360Z] asset-error game=sr type=character-asset:tree-4 id=1413 name=长夜月 out=C:\Users\X\Desktop\Bot-Dev\Yunzai\temp\metaGenerator\.output\meta-sr\character\长夜月\imgs\tree-4.webp url=https://api.hakush.in/hsr/UI/skillicons/SkillIcon_1413_SkillTree4.webp error=download did not produce file
[2026-01-26T17:41:56.619Z] asset-error game=sr type=character-asset:tree-4 id=1414 name=丹恒•腾荒 out=C:\Users\X\Desktop\Bot-Dev\Yunzai\temp\metaGenerator\.output\meta-sr\character\丹恒•腾荒\imgs\tree-4.webp url=https://api.hakush.in/hsr/UI/skillicons/SkillIcon_1414_SkillTree4.webp error=download did not produce file
[2026-01-26T17:41:59.005Z] asset-error game=sr type=character-asset:tree-4 id=1415 name=昔涟 out=C:\Users\X\Desktop\Bot-Dev\Yunzai\temp\metaGenerator\.output\meta-sr\character\昔涟\imgs\tree-4.webp url=https://api.hakush.in/hsr/UI/skillicons/SkillIcon_1415_SkillTree4.webp error=download did not produce file
[2026-01-26T17:42:00.219Z] asset-error game=sr type=character-asset:tree-4 id=8001 name=穹·毁灭 out=C:\Users\X\Desktop\Bot-Dev\Yunzai\temp\metaGenerator\.output\meta-sr\character\穹·毁灭\imgs\tree-4.webp url=https://api.hakush.in/hsr/UI/skillicons/SkillIcon_8001_SkillTree4.webp error=download did not produce file
[2026-01-26T17:42:01.697Z] asset-error game=sr type=character-asset:tree-4 id=8002 name=星·毁灭 out=C:\Users\X\Desktop\Bot-Dev\Yunzai\temp\metaGenerator\.output\meta-sr\character\星·毁灭\imgs\tree-4.webp url=https://api.hakush.in/hsr/UI/skillicons/SkillIcon_8001_SkillTree4.webp error=download did not produce file
[2026-01-26T17:42:03.765Z] asset-error game=sr type=character-asset:tree-4 id=8003 name=穹·存护 out=C:\Users\X\Desktop\Bot-Dev\Yunzai\temp\metaGenerator\.output\meta-sr\character\穹·存护\imgs\tree-4.webp url=https://api.hakush.in/hsr/UI/skillicons/SkillIcon_8003_SkillTree4.webp error=download did not produce file
[2026-01-26T17:42:05.610Z] asset-error game=sr type=character-asset:tree-4 id=8004 name=星·存护 out=C:\Users\X\Desktop\Bot-Dev\Yunzai\temp\metaGenerator\.output\meta-sr\character\星·存护\imgs\tree-4.webp url=https://api.hakush.in/hsr/UI/skillicons/SkillIcon_8003_SkillTree4.webp error=download did not produce file
[2026-01-26T17:42:07.954Z] asset-error game=sr type=character-asset:tree-4 id=8005 name=穹·同谐 out=C:\Users\X\Desktop\Bot-Dev\Yunzai\temp\metaGenerator\.output\meta-sr\character\穹·同谐\imgs\tree-4.webp url=https://api.hakush.in/hsr/UI/skillicons/SkillIcon_8005_SkillTree4.webp error=download did not produce file
[2026-01-26T17:42:09.544Z] asset-error game=sr type=character-asset:tree-4 id=8006 name=星·同谐 out=C:\Users\X\Desktop\Bot-Dev\Yunzai\temp\metaGenerator\.output\meta-sr\character\星·同谐\imgs\tree-4.webp url=https://api.hakush.in/hsr/UI/skillicons/SkillIcon_8005_SkillTree4.webp error=download did not produce file
[2026-01-26T17:42:11.408Z] asset-error game=sr type=character-asset:tree-4 id=8007 name=穹·记忆 out=C:\Users\X\Desktop\Bot-Dev\Yunzai\temp\metaGenerator\.output\meta-sr\character\穹·记忆\imgs\tree-4.webp url=https://api.hakush.in/hsr/UI/skillicons/SkillIcon_8007_SkillTree4.webp error=download did not produce file
[2026-01-26T17:42:13.276Z] asset-error game=sr type=character-asset:tree-4 id=8008 name=星·记忆 out=C:\Users\X\Desktop\Bot-Dev\Yunzai\temp\metaGenerator\.output\meta-sr\character\星·记忆\imgs\tree-4.webp url=https://api.hakush.in/hsr/UI/skillicons/SkillIcon_8007_SkillTree4.webp error=download did not produce file
[2026-01-26T17:42:16.083Z] asset-error game=sr type=character-asset:tree-4 id=1001 name=三月七 out=C:\Users\X\Desktop\Bot-Dev\Yunzai\temp\metaGenerator\.output\meta-sr\character\三月七\imgs\tree-4.webp url=https://api.hakush.in/hsr/UI/skillicons/SkillIcon_1001_SkillTree4.webp error=download did not produce file
[2026-01-26T17:42:24.595Z] asset-error game=sr type=character-img:tree-4 name=丹恒 out=C:\Users\X\Desktop\Bot-Dev\Yunzai\temp\metaGenerator\.output\meta-sr\character\丹恒\imgs\tree-4.webp error=missing (no placeholder allowed)
[2026-01-26T17:42:24.619Z] asset-error game=sr type=character-img:tree-4 name=姬子 out=C:\Users\X\Desktop\Bot-Dev\Yunzai\temp\metaGenerator\.output\meta-sr\character\姬子\imgs\tree-4.webp error=missing (no placeholder allowed)
[2026-01-26T17:42:24.636Z] asset-error game=sr type=character-img:tree-4 name=瓦尔特 out=C:\Users\X\Desktop\Bot-Dev\Yunzai\temp\metaGenerator\.output\meta-sr\character\瓦尔特\imgs\tree-4.webp error=missing (no placeholder allowed)
[2026-01-26T17:42:24.660Z] asset-error game=sr type=character-img:tree-4 name=卡芙卡 out=C:\Users\X\Desktop\Bot-Dev\Yunzai\temp\metaGenerator\.output\meta-sr\character\卡芙卡\imgs\tree-4.webp error=missing (no placeholder allowed)
[2026-01-26T17:42:24.681Z] asset-error game=sr type=character-img:tree-4 name=银狼 out=C:\Users\X\Desktop\Bot-Dev\Yunzai\temp\metaGenerator\.output\meta-sr\character\银狼\imgs\tree-4.webp error=missing (no placeholder allowed)
[2026-01-26T17:42:24.703Z] asset-error game=sr type=character-img:tree-4 name=阿兰 out=C:\Users\X\Desktop\Bot-Dev\Yunzai\temp\metaGenerator\.output\meta-sr\character\阿兰\imgs\tree-4.webp error=missing (no placeholder allowed)
[2026-01-26T17:42:24.724Z] asset-error game=sr type=character-img:tree-4 name=艾丝妲 out=C:\Users\X\Desktop\Bot-Dev\Yunzai\temp\metaGenerator\.output\meta-sr\character\艾丝妲\imgs\tree-4.webp error=missing (no placeholder allowed)
[2026-01-26T17:42:24.742Z] asset-error game=sr type=character-img:tree-4 name=黑塔 out=C:\Users\X\Desktop\Bot-Dev\Yunzai\temp\metaGenerator\.output\meta-sr\character\黑塔\imgs\tree-4.webp error=missing (no placeholder allowed)
[2026-01-26T17:42:24.764Z] asset-error game=sr type=character-img:tree-4 name=Saber out=C:\Users\X\Desktop\Bot-Dev\Yunzai\temp\metaGenerator\.output\meta-sr\character\Saber\imgs\tree-4.webp error=missing (no placeholder allowed)
[2026-01-26T17:42:24.782Z] asset-error game=sr type=character-img:tree-4 name=Archer out=C:\Users\X\Desktop\Bot-Dev\Yunzai\temp\metaGenerator\.output\meta-sr\character\Archer\imgs\tree-4.webp error=missing (no placeholder allowed)
[2026-01-26T17:42:24.799Z] asset-error game=sr type=character-img:tree-4 name=布洛妮娅 out=C:\Users\X\Desktop\Bot-Dev\Yunzai\temp\metaGenerator\.output\meta-sr\character\布洛妮娅\imgs\tree-4.webp error=missing (no placeholder allowed)
[2026-01-26T17:42:24.816Z] asset-error game=sr type=character-img:tree-4 name=希儿 out=C:\Users\X\Desktop\Bot-Dev\Yunzai\temp\metaGenerator\.output\meta-sr\character\希儿\imgs\tree-4.webp error=missing (no placeholder allowed)
[2026-01-26T17:42:24.844Z] asset-error game=sr type=character-img:tree-4 name=希露瓦 out=C:\Users\X\Desktop\Bot-Dev\Yunzai\temp\metaGenerator\.output\meta-sr\character\希露瓦\imgs\tree-4.webp error=missing (no placeholder allowed)
[2026-01-26T17:42:24.863Z] asset-error game=sr type=character-img:tree-4 name=杰帕德 out=C:\Users\X\Desktop\Bot-Dev\Yunzai\temp\metaGenerator\.output\meta-sr\character\杰帕德\imgs\tree-4.webp error=missing (no placeholder allowed)
[2026-01-26T17:42:24.886Z] asset-error game=sr type=character-img:tree-4 name=娜塔莎 out=C:\Users\X\Desktop\Bot-Dev\Yunzai\temp\metaGenerator\.output\meta-sr\character\娜塔莎\imgs\tree-4.webp error=missing (no placeholder allowed)
[2026-01-26T17:42:24.903Z] asset-error game=sr type=character-img:tree-4 name=佩拉 out=C:\Users\X\Desktop\Bot-Dev\Yunzai\temp\metaGenerator\.output\meta-sr\character\佩拉\imgs\tree-4.webp error=missing (no placeholder allowed)
[2026-01-26T17:42:24.925Z] asset-error game=sr type=character-img:tree-4 name=克拉拉 out=C:\Users\X\Desktop\Bot-Dev\Yunzai\temp\metaGenerator\.output\meta-sr\character\克拉拉\imgs\tree-4.webp error=missing (no placeholder allowed)
[2026-01-26T17:42:24.940Z] asset-error game=sr type=character-img:tree-4 name=桑博 out=C:\Users\X\Desktop\Bot-Dev\Yunzai\temp\metaGenerator\.output\meta-sr\character\桑博\imgs\tree-4.webp error=missing (no placeholder allowed)
[2026-01-26T17:42:24.959Z] asset-error game=sr type=character-img:tree-4 name=虎克 out=C:\Users\X\Desktop\Bot-Dev\Yunzai\temp\metaGenerator\.output\meta-sr\character\虎克\imgs\tree-4.webp error=missing (no placeholder allowed)
[2026-01-26T17:42:24.978Z] asset-error game=sr type=character-img:tree-4 name=玲可 out=C:\Users\X\Desktop\Bot-Dev\Yunzai\temp\metaGenerator\.output\meta-sr\character\玲可\imgs\tree-4.webp error=missing (no placeholder allowed)
[2026-01-26T17:42:25.001Z] asset-error game=sr type=character-img:tree-4 name=卢卡 out=C:\Users\X\Desktop\Bot-Dev\Yunzai\temp\metaGenerator\.output\meta-sr\character\卢卡\imgs\tree-4.webp error=missing (no placeholder allowed)
[2026-01-26T17:42:25.018Z] asset-error game=sr type=character-img:tree-4 name=托帕&账账 out=C:\Users\X\Desktop\Bot-Dev\Yunzai\temp\metaGenerator\.output\meta-sr\character\托帕&账账\imgs\tree-4.webp error=missing (no placeholder allowed)
[2026-01-26T17:42:25.045Z] asset-error game=sr type=character-img:tree-4 name=青雀 out=C:\Users\X\Desktop\Bot-Dev\Yunzai\temp\metaGenerator\.output\meta-sr\character\青雀\imgs\tree-4.webp error=missing (no placeholder allowed)
[2026-01-26T17:42:25.067Z] asset-error game=sr type=character-img:tree-4 name=停云 out=C:\Users\X\Desktop\Bot-Dev\Yunzai\temp\metaGenerator\.output\meta-sr\character\停云\imgs\tree-4.webp error=missing (no placeholder allowed)
[2026-01-26T17:42:25.085Z] asset-error game=sr type=character-img:tree-4 name=罗刹 out=C:\Users\X\Desktop\Bot-Dev\Yunzai\temp\metaGenerator\.output\meta-sr\character\罗刹\imgs\tree-4.webp error=missing (no placeholder allowed)
[2026-01-26T17:42:25.106Z] asset-error game=sr type=character-img:tree-4 name=景元 out=C:\Users\X\Desktop\Bot-Dev\Yunzai\temp\metaGenerator\.output\meta-sr\character\景元\imgs\tree-4.webp error=missing (no placeholder allowed)
[2026-01-26T17:42:25.128Z] asset-error game=sr type=character-img:tree-4 name=刃 out=C:\Users\X\Desktop\Bot-Dev\Yunzai\temp\metaGenerator\.output\meta-sr\character\刃\imgs\tree-4.webp error=missing (no placeholder allowed)
[2026-01-26T17:42:25.152Z] asset-error game=sr type=character-img:tree-4 name=素裳 out=C:\Users\X\Desktop\Bot-Dev\Yunzai\temp\metaGenerator\.output\meta-sr\character\素裳\imgs\tree-4.webp error=missing (no placeholder allowed)
[2026-01-26T17:42:25.173Z] asset-error game=sr type=character-img:tree-4 name=驭空 out=C:\Users\X\Desktop\Bot-Dev\Yunzai\temp\metaGenerator\.output\meta-sr\character\驭空\imgs\tree-4.webp error=missing (no placeholder allowed)
[2026-01-26T17:42:25.198Z] asset-error game=sr type=character-img:tree-4 name=符玄 out=C:\Users\X\Desktop\Bot-Dev\Yunzai\temp\metaGenerator\.output\meta-sr\character\符玄\imgs\tree-4.webp error=missing (no placeholder allowed)
[2026-01-26T17:42:25.222Z] asset-error game=sr type=character-img:tree-4 name=彦卿 out=C:\Users\X\Desktop\Bot-Dev\Yunzai\temp\metaGenerator\.output\meta-sr\character\彦卿\imgs\tree-4.webp error=missing (no placeholder allowed)
[2026-01-26T17:42:25.247Z] asset-error game=sr type=character-img:tree-4 name=桂乃芬 out=C:\Users\X\Desktop\Bot-Dev\Yunzai\temp\metaGenerator\.output\meta-sr\character\桂乃芬\imgs\tree-4.webp error=missing (no placeholder allowed)
[2026-01-26T17:42:25.273Z] asset-error game=sr type=character-img:tree-4 name=白露 out=C:\Users\X\Desktop\Bot-Dev\Yunzai\temp\metaGenerator\.output\meta-sr\character\白露\imgs\tree-4.webp error=missing (no placeholder allowed)
[2026-01-26T17:42:25.296Z] asset-error game=sr type=character-img:tree-4 name=镜流 out=C:\Users\X\Desktop\Bot-Dev\Yunzai\temp\metaGenerator\.output\meta-sr\character\镜流\imgs\tree-4.webp error=missing (no placeholder allowed)
[2026-01-26T17:42:25.317Z] asset-error game=sr type=character-img:tree-4 name=丹恒•饮月 out=C:\Users\X\Desktop\Bot-Dev\Yunzai\temp\metaGenerator\.output\meta-sr\character\丹恒•饮月\imgs\tree-4.webp error=missing (no placeholder allowed)
[2026-01-26T17:42:25.344Z] asset-error game=sr type=character-img:tree-4 name=雪衣 out=C:\Users\X\Desktop\Bot-Dev\Yunzai\temp\metaGenerator\.output\meta-sr\character\雪衣\imgs\tree-4.webp error=missing (no placeholder allowed)
[2026-01-26T17:42:25.367Z] asset-error game=sr type=character-img:tree-4 name=寒鸦 out=C:\Users\X\Desktop\Bot-Dev\Yunzai\temp\metaGenerator\.output\meta-sr\character\寒鸦\imgs\tree-4.webp error=missing (no placeholder allowed)
[2026-01-26T17:42:25.389Z] asset-error game=sr type=character-img:tree-4 name=藿藿 out=C:\Users\X\Desktop\Bot-Dev\Yunzai\temp\metaGenerator\.output\meta-sr\character\藿藿\imgs\tree-4.webp error=missing (no placeholder allowed)
[2026-01-26T17:42:25.417Z] asset-error game=sr type=character-img:tree-4 name=椒丘 out=C:\Users\X\Desktop\Bot-Dev\Yunzai\temp\metaGenerator\.output\meta-sr\character\椒丘\imgs\tree-4.webp error=missing (no placeholder allowed)
[2026-01-26T17:42:25.442Z] asset-error game=sr type=character-img:tree-4 name=飞霄 out=C:\Users\X\Desktop\Bot-Dev\Yunzai\temp\metaGenerator\.output\meta-sr\character\飞霄\imgs\tree-4.webp error=missing (no placeholder allowed)
[2026-01-26T17:42:25.467Z] asset-error game=sr type=character-img:tree-4 name=云璃 out=C:\Users\X\Desktop\Bot-Dev\Yunzai\temp\metaGenerator\.output\meta-sr\character\云璃\imgs\tree-4.webp error=missing (no placeholder allowed)
[2026-01-26T17:42:25.495Z] asset-error game=sr type=character-img:tree-4 name=灵砂 out=C:\Users\X\Desktop\Bot-Dev\Yunzai\temp\metaGenerator\.output\meta-sr\character\灵砂\imgs\tree-4.webp error=missing (no placeholder allowed)
[2026-01-26T17:42:25.522Z] asset-error game=sr type=character-img:tree-4 name=貊泽 out=C:\Users\X\Desktop\Bot-Dev\Yunzai\temp\metaGenerator\.output\meta-sr\character\貊泽\imgs\tree-4.webp error=missing (no placeholder allowed)
[2026-01-26T17:42:25.547Z] asset-error game=sr type=character-img:tree-4 name=三月七·巡猎 out=C:\Users\X\Desktop\Bot-Dev\Yunzai\temp\metaGenerator\.output\meta-sr\character\三月七·巡猎\imgs\tree-4.webp error=missing (no placeholder allowed)
[2026-01-26T17:42:25.572Z] asset-error game=sr type=character-img:tree-4 name=忘归人 out=C:\Users\X\Desktop\Bot-Dev\Yunzai\temp\metaGenerator\.output\meta-sr\character\忘归人\imgs\tree-4.webp error=missing (no placeholder allowed)
[2026-01-26T17:42:25.600Z] asset-error game=sr type=character-img:tree-4 name=加拉赫 out=C:\Users\X\Desktop\Bot-Dev\Yunzai\temp\metaGenerator\.output\meta-sr\character\加拉赫\imgs\tree-4.webp error=missing (no placeholder allowed)
[2026-01-26T17:42:25.622Z] asset-error game=sr type=character-img:tree-4 name=银枝 out=C:\Users\X\Desktop\Bot-Dev\Yunzai\temp\metaGenerator\.output\meta-sr\character\银枝\imgs\tree-4.webp error=missing (no placeholder allowed)
[2026-01-26T17:42:25.650Z] asset-error game=sr type=character-img:tree-4 name=阮•梅 out=C:\Users\X\Desktop\Bot-Dev\Yunzai\temp\metaGenerator\.output\meta-sr\character\阮•梅\imgs\tree-4.webp error=missing (no placeholder allowed)
[2026-01-26T17:42:25.672Z] asset-error game=sr type=character-img:tree-4 name=砂金 out=C:\Users\X\Desktop\Bot-Dev\Yunzai\temp\metaGenerator\.output\meta-sr\character\砂金\imgs\tree-4.webp error=missing (no placeholder allowed)
[2026-01-26T17:42:25.701Z] asset-error game=sr type=character-img:tree-4 name=真理医生 out=C:\Users\X\Desktop\Bot-Dev\Yunzai\temp\metaGenerator\.output\meta-sr\character\真理医生\imgs\tree-4.webp error=missing (no placeholder allowed)
[2026-01-26T17:42:25.726Z] asset-error game=sr type=character-img:tree-4 name=花火 out=C:\Users\X\Desktop\Bot-Dev\Yunzai\temp\metaGenerator\.output\meta-sr\character\花火\imgs\tree-4.webp error=missing (no placeholder allowed)
[2026-01-26T17:42:25.750Z] asset-error game=sr type=character-img:tree-4 name=黑天鹅 out=C:\Users\X\Desktop\Bot-Dev\Yunzai\temp\metaGenerator\.output\meta-sr\character\黑天鹅\imgs\tree-4.webp error=missing (no placeholder allowed)
[2026-01-26T17:42:25.769Z] asset-error game=sr type=character-img:tree-4 name=黄泉 out=C:\Users\X\Desktop\Bot-Dev\Yunzai\temp\metaGenerator\.output\meta-sr\character\黄泉\imgs\tree-4.webp error=missing (no placeholder allowed)
[2026-01-26T17:42:25.802Z] asset-error game=sr type=character-img:tree-4 name=知更鸟 out=C:\Users\X\Desktop\Bot-Dev\Yunzai\temp\metaGenerator\.output\meta-sr\character\知更鸟\imgs\tree-4.webp error=missing (no placeholder allowed)
[2026-01-26T17:42:25.831Z] asset-error game=sr type=character-img:tree-4 name=流萤 out=C:\Users\X\Desktop\Bot-Dev\Yunzai\temp\metaGenerator\.output\meta-sr\character\流萤\imgs\tree-4.webp error=missing (no placeholder allowed)
[2026-01-26T17:42:25.851Z] asset-error game=sr type=character-img:tree-4 name=米沙 out=C:\Users\X\Desktop\Bot-Dev\Yunzai\temp\metaGenerator\.output\meta-sr\character\米沙\imgs\tree-4.webp error=missing (no placeholder allowed)
[2026-01-26T17:42:25.876Z] asset-error game=sr type=character-img:tree-4 name=星期日 out=C:\Users\X\Desktop\Bot-Dev\Yunzai\temp\metaGenerator\.output\meta-sr\character\星期日\imgs\tree-4.webp error=missing (no placeholder allowed)
[2026-01-26T17:42:25.898Z] asset-error game=sr type=character-img:tree-4 name=翡翠 out=C:\Users\X\Desktop\Bot-Dev\Yunzai\temp\metaGenerator\.output\meta-sr\character\翡翠\imgs\tree-4.webp error=missing (no placeholder allowed)
[2026-01-26T17:42:25.920Z] asset-error game=sr type=character-img:tree-4 name=波提欧 out=C:\Users\X\Desktop\Bot-Dev\Yunzai\temp\metaGenerator\.output\meta-sr\character\波提欧\imgs\tree-4.webp error=missing (no placeholder allowed)
[2026-01-26T17:42:25.946Z] asset-error game=sr type=character-img:tree-4 name=乱破 out=C:\Users\X\Desktop\Bot-Dev\Yunzai\temp\metaGenerator\.output\meta-sr\character\乱破\imgs\tree-4.webp error=missing (no placeholder allowed)
[2026-01-26T17:42:25.968Z] asset-error game=sr type=character-img:tree-4 name=大丽花 out=C:\Users\X\Desktop\Bot-Dev\Yunzai\temp\metaGenerator\.output\meta-sr\character\大丽花\imgs\tree-4.webp error=missing (no placeholder allowed)
[2026-01-26T17:42:25.991Z] asset-error game=sr type=character-img:tree-4 name=大黑塔 out=C:\Users\X\Desktop\Bot-Dev\Yunzai\temp\metaGenerator\.output\meta-sr\character\大黑塔\imgs\tree-4.webp error=missing (no placeholder allowed)
[2026-01-26T17:42:26.019Z] asset-error game=sr type=character-img:tree-4 name=阿格莱雅 out=C:\Users\X\Desktop\Bot-Dev\Yunzai\temp\metaGenerator\.output\meta-sr\character\阿格莱雅\imgs\tree-4.webp error=missing (no placeholder allowed)
[2026-01-26T17:42:26.112Z] asset-error game=sr type=character-img:tree-4 name=缇宝 out=C:\Users\X\Desktop\Bot-Dev\Yunzai\temp\metaGenerator\.output\meta-sr\character\缇宝\imgs\tree-4.webp error=missing (no placeholder allowed)
[2026-01-26T17:42:26.136Z] asset-error game=sr type=character-img:tree-4 name=万敌 out=C:\Users\X\Desktop\Bot-Dev\Yunzai\temp\metaGenerator\.output\meta-sr\character\万敌\imgs\tree-4.webp error=missing (no placeholder allowed)
[2026-01-26T17:42:26.161Z] asset-error game=sr type=character-img:tree-4 name=那刻夏 out=C:\Users\X\Desktop\Bot-Dev\Yunzai\temp\metaGenerator\.output\meta-sr\character\那刻夏\imgs\tree-4.webp error=missing (no placeholder allowed)
[2026-01-26T17:42:26.182Z] asset-error game=sr type=character-img:tree-4 name=赛飞儿 out=C:\Users\X\Desktop\Bot-Dev\Yunzai\temp\metaGenerator\.output\meta-sr\character\赛飞儿\imgs\tree-4.webp error=missing (no placeholder allowed)
[2026-01-26T17:42:26.205Z] asset-error game=sr type=character-img:tree-4 name=遐蝶 out=C:\Users\X\Desktop\Bot-Dev\Yunzai\temp\metaGenerator\.output\meta-sr\character\遐蝶\imgs\tree-4.webp error=missing (no placeholder allowed)
[2026-01-26T17:42:26.303Z] asset-error game=sr type=character-img:tree-4 name=白厄 out=C:\Users\X\Desktop\Bot-Dev\Yunzai\temp\metaGenerator\.output\meta-sr\character\白厄\imgs\tree-4.webp error=missing (no placeholder allowed)
[2026-01-26T17:42:26.329Z] asset-error game=sr type=character-img:tree-4 name=风堇 out=C:\Users\X\Desktop\Bot-Dev\Yunzai\temp\metaGenerator\.output\meta-sr\character\风堇\imgs\tree-4.webp error=missing (no placeholder allowed)
[2026-01-26T17:42:26.435Z] asset-error game=sr type=character-img:tree-4 name=海瑟音 out=C:\Users\X\Desktop\Bot-Dev\Yunzai\temp\metaGenerator\.output\meta-sr\character\海瑟音\imgs\tree-4.webp error=missing (no placeholder allowed)
[2026-01-26T17:42:26.463Z] asset-error game=sr type=character-img:tree-4 name=刻律德菈 out=C:\Users\X\Desktop\Bot-Dev\Yunzai\temp\metaGenerator\.output\meta-sr\character\刻律德菈\imgs\tree-4.webp error=missing (no placeholder allowed)
[2026-01-26T17:42:26.490Z] asset-error game=sr type=character-img:tree-4 name=长夜月 out=C:\Users\X\Desktop\Bot-Dev\Yunzai\temp\metaGenerator\.output\meta-sr\character\长夜月\imgs\tree-4.webp error=missing (no placeholder allowed)
[2026-01-26T17:42:26.586Z] asset-error game=sr type=character-img:tree-4 name=丹恒•腾荒 out=C:\Users\X\Desktop\Bot-Dev\Yunzai\temp\metaGenerator\.output\meta-sr\character\丹恒•腾荒\imgs\tree-4.webp error=missing (no placeholder allowed)
[2026-01-26T17:42:26.613Z] asset-error game=sr type=character-img:tree-4 name=昔涟 out=C:\Users\X\Desktop\Bot-Dev\Yunzai\temp\metaGenerator\.output\meta-sr\character\昔涟\imgs\tree-4.webp error=missing (no placeholder allowed)
[2026-01-26T17:42:26.722Z] asset-error game=sr type=character-img:tree-4 name=穹·毁灭 out=C:\Users\X\Desktop\Bot-Dev\Yunzai\temp\metaGenerator\.output\meta-sr\character\穹·毁灭\imgs\tree-4.webp error=missing (no placeholder allowed)
[2026-01-26T17:42:26.751Z] asset-error game=sr type=character-img:tree-4 name=星·毁灭 out=C:\Users\X\Desktop\Bot-Dev\Yunzai\temp\metaGenerator\.output\meta-sr\character\星·毁灭\imgs\tree-4.webp error=missing (no placeholder allowed)
[2026-01-26T17:42:26.780Z] asset-error game=sr type=character-img:tree-4 name=穹·存护 out=C:\Users\X\Desktop\Bot-Dev\Yunzai\temp\metaGenerator\.output\meta-sr\character\穹·存护\imgs\tree-4.webp error=missing (no placeholder allowed)
[2026-01-26T17:42:26.817Z] asset-error game=sr type=character-img:tree-4 name=星·存护 out=C:\Users\X\Desktop\Bot-Dev\Yunzai\temp\metaGenerator\.output\meta-sr\character\星·存护\imgs\tree-4.webp error=missing (no placeholder allowed)
[2026-01-26T17:42:26.907Z] asset-error game=sr type=character-img:tree-4 name=穹·同谐 out=C:\Users\X\Desktop\Bot-Dev\Yunzai\temp\metaGenerator\.output\meta-sr\character\穹·同谐\imgs\tree-4.webp error=missing (no placeholder allowed)
[2026-01-26T17:42:26.937Z] asset-error game=sr type=character-img:tree-4 name=星·同谐 out=C:\Users\X\Desktop\Bot-Dev\Yunzai\temp\metaGenerator\.output\meta-sr\character\星·同谐\imgs\tree-4.webp error=missing (no placeholder allowed)
[2026-01-26T17:42:26.983Z] asset-error game=sr type=character-img:tree-4 name=穹·记忆 out=C:\Users\X\Desktop\Bot-Dev\Yunzai\temp\metaGenerator\.output\meta-sr\character\穹·记忆\imgs\tree-4.webp error=missing (no placeholder allowed)
[2026-01-26T17:42:27.187Z] asset-error game=sr type=character-img:tree-4 name=星·记忆 out=C:\Users\X\Desktop\Bot-Dev\Yunzai\temp\metaGenerator\.output\meta-sr\character\星·记忆\imgs\tree-4.webp error=missing (no placeholder allowed)
[2026-01-26T17:42:27.339Z] asset-error game=sr type=character-img:tree-4 name=三月七 out=C:\Users\X\Desktop\Bot-Dev\Yunzai\temp\metaGenerator\.output\meta-sr\character\三月七\imgs\tree-4.webp error=missing (no placeholder allowed)
[2026-01-26T17:42:27.351Z] asset-error game=sr type=character-img:tree-4 name=穹·记忆 out=C:\Users\X\Desktop\Bot-Dev\Yunzai\temp\metaGenerator\.output\meta-sr\character\穹·记忆\imgs\tree-4.webp error=missing (no placeholder allowed)
[2026-01-26T17:42:27.352Z] asset-error game=sr type=character-img:tree-4 name=星·记忆 out=C:\Users\X\Desktop\Bot-Dev\Yunzai\temp\metaGenerator\.output\meta-sr\character\星·记忆\imgs\tree-4.webp error=missing (no placeholder allowed)
